This file contains any messages produced by compilers while
running configure, to aid debugging if configure makes a mistake.

It was created by libXft configure 2.3.6, which was
generated by GNU Autoconf 2.71.  Invocation command line was

  $ /home/amr/github/libxft/configure --sysconfdir=/etc --prefix=/usr --mandir=/usr/share/man

## --------- ##
## Platform. ##
## --------- ##

hostname = fedora
uname -m = x86_64
uname -r = 6.0.9-300.fc37.x86_64
uname -s = Linux
uname -v = #1 SMP PREEMPT_DYNAMIC Wed Nov 16 17:36:22 UTC 2022

/usr/bin/uname -p = x86_64
/bin/uname -X     = unknown

/bin/arch              = x86_64
/usr/bin/arch -k       = unknown
/usr/convex/getsysinfo = unknown
/usr/bin/hostinfo      = unknown
/bin/machine           = unknown
/usr/bin/oslevel       = unknown
/bin/universe          = unknown

PATH: /home/amr/.cargo/bin/
PATH: /home/amr/.bun/bin/
PATH: /opt/go/bin/
PATH: /opt/zls/zig-out/bin/
PATH: /opt/Lua-Language-Server/bin/
PATH: /opt/lua-language-server/bin/
PATH: /opt/zls-x86_64/
PATH: /opt/OdinLang-amd64-dev/
PATH: /opt/zig-linux-x86_64-dev/
PATH: /home/amr/.cargo/bin/
PATH: /usr/local/bin/
PATH: /usr/bin/
PATH: /bin/
PATH: /usr/local/sbin/
PATH: /usr/sbin/
PATH: /sbin/
PATH: /var/lib/snapd/snap/bin/


## ----------- ##
## Core tests. ##
## ----------- ##

configure:2112: loading site script /usr/share/config.site
| # This is the config.site file to satisfy FHS defaults when installing below
| # /usr.
| #
| # You may override this file by your config.site using the CONFIG_SITE env
| # variable.
| #
| # Note: This file includes also RHEL/Fedora fix for installing libraries into
| # "/lib/lib64" on 64bit systems.
| 
| if test -n "$host"; then
|     # skip when cross-compiling
|     return 0
| fi
| 
| if test "$prefix" = /usr \
|    || { test "$prefix" = NONE && test "$ac_default_prefix" = /usr ; }
| then
|     test "$sysconfdir" = '${prefix}/etc' && sysconfdir=/etc
|     test "$sharedstatedir" = '${prefix}/com' && sharedstatedir=/var
|     test "$localstatedir" = '${prefix}/var' && localstatedir=/var
| 
|     ARCH=`uname -m`
|     for i in x86_64 ppc64 s390x aarch64; do
|         if test $ARCH = $i; then
|             test "$libdir" = '${exec_prefix}/lib' && libdir='${exec_prefix}/lib64'
|             break
|         fi
|     done
| fi
configure:2471: looking for aux files: compile config.guess config.sub ltmain.sh missing install-sh
configure:2484:  trying ./
configure:2513:   ./compile found
configure:2513:   ./config.guess found
configure:2513:   ./config.sub found
configure:2513:   ./ltmain.sh found
configure:2513:   ./missing found
configure:2495:   ./install-sh found
configure:2647: checking for a BSD-compatible install
configure:2720: result: /usr/bin/install -c
configure:2731: checking whether build environment is sane
configure:2786: result: yes
configure:2945: checking for a race-free mkdir -p
configure:2989: result: /usr/bin/mkdir -p
configure:2996: checking for gawk
configure:3017: found /usr/bin/gawk
configure:3028: result: gawk
configure:3039: checking whether make sets $(MAKE)
configure:3062: result: yes
configure:3092: checking whether make supports nested variables
configure:3110: result: yes
configure:3280: checking build system type
configure:3295: result: x86_64-pc-linux-gnu
configure:3315: checking host system type
configure:3329: result: x86_64-pc-linux-gnu
configure:3370: checking how to print strings
configure:3397: result: printf
configure:3431: checking whether make supports the include directive
configure:3446: make -f confmf.GNU && cat confinc.out
this is the am__doit target
configure:3449: $? = 0
configure:3468: result: yes (GNU style)
configure:3544: checking for gcc
configure:3565: found /usr/bin/gcc
configure:3576: result: gcc
configure:3929: checking for C compiler version
configure:3938: gcc --version >&5
gcc (GCC) 12.2.1 20221121 (Red Hat 12.2.1-4)
Copyright (C) 2022 Free Software Foundation, Inc.
This is free software; see the source for copying conditions.  There is NO
warranty; not even for MERCHANTABILITY or FITNESS FOR A PARTICULAR PURPOSE.

configure:3949: $? = 0
configure:3938: gcc -v >&5
Using built-in specs.
COLLECT_GCC=gcc
COLLECT_LTO_WRAPPER=/usr/libexec/gcc/x86_64-redhat-linux/12/lto-wrapper
OFFLOAD_TARGET_NAMES=nvptx-none
OFFLOAD_TARGET_DEFAULT=1
Target: x86_64-redhat-linux
Configured with: ../configure --enable-bootstrap --enable-languages=c,c++,fortran,objc,obj-c++,ada,go,d,lto --prefix=/usr --mandir=/usr/share/man --infodir=/usr/share/info --with-bugurl=http://bugzilla.redhat.com/bugzilla --enable-shared --enable-threads=posix --enable-checking=release --enable-multilib --with-system-zlib --enable-__cxa_atexit --disable-libunwind-exceptions --enable-gnu-unique-object --enable-linker-build-id --with-gcc-major-version-only --enable-libstdcxx-backtrace --with-linker-hash-style=gnu --enable-plugin --enable-initfini-array --with-isl=/builddir/build/BUILD/gcc-12.2.1-20221121/obj-x86_64-redhat-linux/isl-install --enable-offload-targets=nvptx-none --without-cuda-driver --enable-offload-defaulted --enable-gnu-indirect-function --enable-cet --with-tune=generic --with-arch_32=i686 --build=x86_64-redhat-linux --with-build-config=bootstrap-lto --enable-link-serialization=1
Thread model: posix
Supported LTO compression algorithms: zlib zstd
gcc version 12.2.1 20221121 (Red Hat 12.2.1-4) (GCC) 
... rest of stderr output deleted ...
configure:3949: $? = 0
configure:3938: gcc -V >&5
gcc: error: unrecognized command-line option '-V'
gcc: fatal error: no input files
compilation terminated.
configure:3949: $? = 1
configure:3938: gcc -qversion >&5
gcc: error: unrecognized command-line option '-qversion'; did you mean '--version'?
gcc: fatal error: no input files
compilation terminated.
configure:3949: $? = 1
configure:3938: gcc -version >&5
gcc: error: unrecognized command-line option '-version'
gcc: fatal error: no input files
compilation terminated.
configure:3949: $? = 1
configure:3969: checking whether the C compiler works
configure:3991: gcc    conftest.c  >&5
configure:3995: $? = 0
configure:4045: result: yes
configure:4048: checking for C compiler default output file name
configure:4050: result: a.out
configure:4056: checking for suffix of executables
configure:4063: gcc -o conftest    conftest.c  >&5
configure:4067: $? = 0
configure:4090: result: 
configure:4112: checking whether we are cross compiling
configure:4120: gcc -o conftest    conftest.c  >&5
configure:4124: $? = 0
configure:4131: ./conftest
configure:4135: $? = 0
configure:4150: result: no
configure:4155: checking for suffix of object files
configure:4178: gcc -c   conftest.c >&5
configure:4182: $? = 0
configure:4204: result: o
configure:4208: checking whether the compiler supports GNU C
configure:4228: gcc -c   conftest.c >&5
configure:4228: $? = 0
configure:4238: result: yes
configure:4249: checking whether gcc accepts -g
configure:4270: gcc -c -g  conftest.c >&5
configure:4270: $? = 0
configure:4314: result: yes
configure:4334: checking for gcc option to enable C11 features
configure:4349: gcc  -c -g -O2  conftest.c >&5
configure:4349: $? = 0
configure:4367: result: none needed
configure:4483: checking whether gcc understands -c and -o together
configure:4506: gcc -c conftest.c -o conftest2.o
configure:4509: $? = 0
configure:4506: gcc -c conftest.c -o conftest2.o
configure:4509: $? = 0
configure:4521: result: yes
configure:4540: checking dependency style of gcc
configure:4652: result: gcc3
configure:4667: checking for a sed that does not truncate output
configure:4737: result: /usr/bin/sed
configure:4755: checking for grep that handles long lines and -e
configure:4819: result: /usr/bin/grep
configure:4824: checking for egrep
configure:4892: result: /usr/bin/grep -E
configure:4897: checking for fgrep
configure:4965: result: /usr/bin/grep -F
configure:5001: checking for ld used by gcc
configure:5069: result: /usr/bin/ld
configure:5076: checking if the linker (/usr/bin/ld) is GNU ld
configure:5092: result: yes
configure:5104: checking for BSD- or MS-compatible name lister (nm)
configure:5159: result: /usr/bin/nm -B
configure:5299: checking the name lister (/usr/bin/nm -B) interface
configure:5307: gcc -c -g -O2  conftest.c >&5
configure:5310: /usr/bin/nm -B "conftest.o"
configure:5313: output
0000000000000000 B some_variable
configure:5320: result: BSD nm
configure:5323: checking whether ln -s works
configure:5327: result: yes
configure:5335: checking the maximum length of command line arguments
configure:5467: result: 1572864
configure:5515: checking how to convert x86_64-pc-linux-gnu file names to x86_64-pc-linux-gnu format
configure:5556: result: func_convert_file_noop
configure:5563: checking how to convert x86_64-pc-linux-gnu file names to toolchain format
configure:5584: result: func_convert_file_noop
configure:5591: checking for /usr/bin/ld option to reload object files
configure:5599: result: -r
configure:5678: checking for file
configure:5699: found /usr/bin/file
configure:5710: result: file
configure:5786: checking for objdump
configure:5807: found /usr/bin/objdump
configure:5818: result: objdump
configure:5850: checking how to recognize dependent libraries
configure:6051: result: pass_all
configure:6141: checking for dlltool
configure:6176: result: no
configure:6206: checking how to associate runtime and link libraries
configure:6234: result: printf %s\n
configure:6300: checking for ar
configure:6321: found /usr/bin/ar
configure:6332: result: ar
configure:6385: checking for archiver @FILE support
configure:6403: gcc -c -g -O2  conftest.c >&5
configure:6403: $? = 0
configure:6407: ar cr libconftest.a @conftest.lst >&5
configure:6410: $? = 0
configure:6415: ar cr libconftest.a @conftest.lst >&5
ar: conftest.o: No such file or directory
configure:6418: $? = 1
configure:6430: result: @
configure:6493: checking for strip
configure:6514: found /usr/bin/strip
configure:6525: result: strip
configure:6602: checking for ranlib
configure:6623: found /usr/bin/ranlib
configure:6634: result: ranlib
configure:6736: checking command to parse /usr/bin/nm -B output from gcc object
configure:6890: gcc -c -g -O2  conftest.c >&5
configure:6893: $? = 0
configure:6897: /usr/bin/nm -B conftest.o \| /usr/bin/sed -n -e 's/^.*[ ]\([ABCDGIRSTW][ABCDGIRSTW]*\)[ ][ ]*\([_A-Za-z][_A-Za-z0-9]*\)$/\1 \2 \2/p' | /usr/bin/sed '/ __gnu_lto/d' \> conftest.nm
configure:6900: $? = 0
configure:6966: gcc -o conftest -g -O2   conftest.c conftstm.o >&5
configure:6969: $? = 0
configure:7007: result: ok
configure:7054: checking for sysroot
configure:7085: result: no
configure:7092: checking for a working dd
configure:7136: result: /usr/bin/dd
configure:7140: checking how to truncate binary pipes
configure:7156: result: /usr/bin/dd bs=4096 count=1
configure:7293: gcc -c -g -O2  conftest.c >&5
configure:7296: $? = 0
configure:7493: checking for mt
configure:7528: result: no
configure:7548: checking if : is a manifest tool
configure:7555: : '-?'
configure:7563: result: no
configure:8288: checking for stdio.h
configure:8288: gcc -c -g -O2  conftest.c >&5
configure:8288: $? = 0
configure:8288: result: yes
configure:8288: checking for stdlib.h
configure:8288: gcc -c -g -O2  conftest.c >&5
configure:8288: $? = 0
configure:8288: result: yes
configure:8288: checking for string.h
configure:8288: gcc -c -g -O2  conftest.c >&5
configure:8288: $? = 0
configure:8288: result: yes
configure:8288: checking for inttypes.h
configure:8288: gcc -c -g -O2  conftest.c >&5
configure:8288: $? = 0
configure:8288: result: yes
configure:8288: checking for stdint.h
configure:8288: gcc -c -g -O2  conftest.c >&5
configure:8288: $? = 0
configure:8288: result: yes
configure:8288: checking for strings.h
configure:8288: gcc -c -g -O2  conftest.c >&5
configure:8288: $? = 0
configure:8288: result: yes
configure:8288: checking for sys/stat.h
configure:8288: gcc -c -g -O2  conftest.c >&5
configure:8288: $? = 0
configure:8288: result: yes
configure:8288: checking for sys/types.h
configure:8288: gcc -c -g -O2  conftest.c >&5
configure:8288: $? = 0
configure:8288: result: yes
configure:8288: checking for unistd.h
configure:8288: gcc -c -g -O2  conftest.c >&5
configure:8288: $? = 0
configure:8288: result: yes
configure:8313: checking for dlfcn.h
configure:8313: gcc -c -g -O2  conftest.c >&5
configure:8313: $? = 0
configure:8313: result: yes
configure:8572: checking for objdir
configure:8588: result: .libs
configure:8848: checking if gcc supports -fno-rtti -fno-exceptions
configure:8867: gcc -c -g -O2  -fno-rtti -fno-exceptions conftest.c >&5
cc1: warning: command-line option '-fno-rtti' is valid for C++/D/ObjC++ but not for C
configure:8871: $? = 0
configure:8884: result: no
configure:9242: checking for gcc option to produce PIC
configure:9250: result: -fPIC -DPIC
configure:9258: checking if gcc PIC flag -fPIC -DPIC works
configure:9277: gcc -c -g -O2  -fPIC -DPIC -DPIC conftest.c >&5
configure:9281: $? = 0
configure:9294: result: yes
configure:9323: checking if gcc static flag -static works
configure:9352: result: no
configure:9367: checking if gcc supports -c -o file.o
configure:9389: gcc -c -g -O2  -o out/conftest2.o conftest.c >&5
configure:9393: $? = 0
configure:9415: result: yes
configure:9423: checking if gcc supports -c -o file.o
configure:9471: result: yes
configure:9504: checking whether the gcc linker (/usr/bin/ld -m elf_x86_64) supports shared libraries
configure:10772: result: yes
configure:10809: checking whether -lc should be explicitly linked in
configure:10818: gcc -c -g -O2  conftest.c >&5
configure:10821: $? = 0
configure:10836: gcc -shared  -fPIC -DPIC conftest.o  -v -Wl,-soname -Wl,conftest -o conftest 2\>\&1 \| /usr/bin/grep  -lc  \>/dev/null 2\>\&1
configure:10839: $? = 0
configure:10853: result: no
configure:11013: checking dynamic linker characteristics
configure:11595: gcc -o conftest -g -O2   -Wl,-rpath -Wl,/foo conftest.c  >&5
configure:11595: $? = 0
configure:11837: result: GNU/Linux ld.so
configure:11959: checking how to hardcode library paths into programs
configure:11984: result: immediate
configure:12536: checking whether stripping libraries is possible
configure:12545: result: yes
configure:12587: checking if libtool supports shared libraries
configure:12589: result: yes
configure:12592: checking whether to build shared libraries
configure:12617: result: yes
configure:12620: checking whether to build static libraries
configure:12624: result: yes
configure:12675: checking for gcc options needed to detect all undeclared functions
configure:12697: gcc -c -g -O2   conftest.c >&5
conftest.c: In function 'main':
conftest.c:27:8: error: 'strchr' undeclared (first use in this function)
   27 | (void) strchr;
      |        ^~~~~~
conftest.c:1:1: note: 'strchr' is defined in header '<string.h>'; did you forget to '#include <string.h>'?
    1 | /* confdefs.h */
conftest.c:27:8: note: each undeclared identifier is reported only once for each function it appears in
   27 | (void) strchr;
      |        ^~~~~~
configure:12697: $? = 1
configure: failed program was:
| /* confdefs.h */
| #define PACKAGE_NAME "libXft"
| #define PACKAGE_TARNAME "libXft"
| #define PACKAGE_VERSION "2.3.6"
| #define PACKAGE_STRING "libXft 2.3.6"
| #define PACKAGE_BUGREPORT "https://gitlab.freedesktop.org/xorg/lib/libXft/issues"
| #define PACKAGE_URL ""
| #define PACKAGE "libXft"
| #define VERSION "2.3.6"
| #define HAVE_STDIO_H 1
| #define HAVE_STDLIB_H 1
| #define HAVE_STRING_H 1
| #define HAVE_INTTYPES_H 1
| #define HAVE_STDINT_H 1
| #define HAVE_STRINGS_H 1
| #define HAVE_SYS_STAT_H 1
| #define HAVE_SYS_TYPES_H 1
| #define HAVE_UNISTD_H 1
| #define STDC_HEADERS 1
| #define HAVE_DLFCN_H 1
| #define LT_OBJDIR ".libs/"
| /* end confdefs.h.  */
| 
| int
| main (void)
| {
| (void) strchr;
|   ;
|   return 0;
| }
configure:12724: gcc -c -g -O2   conftest.c >&5
configure:12724: $? = 0
configure:12741: result: none needed
configure:12759: checking whether __clang__ is declared
configure:12759: gcc -c -g -O2   conftest.c >&5
conftest.c: In function 'main':
conftest.c:58:10: error: '__clang__' undeclared (first use in this function)
   58 |   (void) __clang__;
      |          ^~~~~~~~~
conftest.c:58:10: note: each undeclared identifier is reported only once for each function it appears in
configure:12759: $? = 1
configure: failed program was:
| /* confdefs.h */
| #define PACKAGE_NAME "libXft"
| #define PACKAGE_TARNAME "libXft"
| #define PACKAGE_VERSION "2.3.6"
| #define PACKAGE_STRING "libXft 2.3.6"
| #define PACKAGE_BUGREPORT "https://gitlab.freedesktop.org/xorg/lib/libXft/issues"
| #define PACKAGE_URL ""
| #define PACKAGE "libXft"
| #define VERSION "2.3.6"
| #define HAVE_STDIO_H 1
| #define HAVE_STDLIB_H 1
| #define HAVE_STRING_H 1
| #define HAVE_INTTYPES_H 1
| #define HAVE_STDINT_H 1
| #define HAVE_STRINGS_H 1
| #define HAVE_SYS_STAT_H 1
| #define HAVE_SYS_TYPES_H 1
| #define HAVE_UNISTD_H 1
| #define STDC_HEADERS 1
| #define HAVE_DLFCN_H 1
| #define LT_OBJDIR ".libs/"
| /* end confdefs.h.  */
| #include <stddef.h>
| #ifdef HAVE_STDIO_H
| # include <stdio.h>
| #endif
| #ifdef HAVE_STDLIB_H
| # include <stdlib.h>
| #endif
| #ifdef HAVE_STRING_H
| # include <string.h>
| #endif
| #ifdef HAVE_INTTYPES_H
| # include <inttypes.h>
| #endif
| #ifdef HAVE_STDINT_H
| # include <stdint.h>
| #endif
| #ifdef HAVE_STRINGS_H
| # include <strings.h>
| #endif
| #ifdef HAVE_SYS_TYPES_H
| # include <sys/types.h>
| #endif
| #ifdef HAVE_SYS_STAT_H
| # include <sys/stat.h>
| #endif
| #ifdef HAVE_UNISTD_H
| # include <unistd.h>
| #endif
| int
| main (void)
| {
| #ifndef __clang__
| #ifdef __cplusplus
|   (void) __clang__;
| #else
|   (void) __clang__;
| #endif
| #endif
| 
|   ;
|   return 0;
| }
configure:12759: result: no
configure:12766: checking whether __INTEL_COMPILER is declared
configure:12766: gcc -c -g -O2   conftest.c >&5
conftest.c: In function 'main':
conftest.c:58:10: error: '__INTEL_COMPILER' undeclared (first use in this function)
   58 |   (void) __INTEL_COMPILER;
      |          ^~~~~~~~~~~~~~~~
conftest.c:58:10: note: each undeclared identifier is reported only once for each function it appears in
configure:12766: $? = 1
configure: failed program was:
| /* confdefs.h */
| #define PACKAGE_NAME "libXft"
| #define PACKAGE_TARNAME "libXft"
| #define PACKAGE_VERSION "2.3.6"
| #define PACKAGE_STRING "libXft 2.3.6"
| #define PACKAGE_BUGREPORT "https://gitlab.freedesktop.org/xorg/lib/libXft/issues"
| #define PACKAGE_URL ""
| #define PACKAGE "libXft"
| #define VERSION "2.3.6"
| #define HAVE_STDIO_H 1
| #define HAVE_STDLIB_H 1
| #define HAVE_STRING_H 1
| #define HAVE_INTTYPES_H 1
| #define HAVE_STDINT_H 1
| #define HAVE_STRINGS_H 1
| #define HAVE_SYS_STAT_H 1
| #define HAVE_SYS_TYPES_H 1
| #define HAVE_UNISTD_H 1
| #define STDC_HEADERS 1
| #define HAVE_DLFCN_H 1
| #define LT_OBJDIR ".libs/"
| /* end confdefs.h.  */
| #include <stddef.h>
| #ifdef HAVE_STDIO_H
| # include <stdio.h>
| #endif
| #ifdef HAVE_STDLIB_H
| # include <stdlib.h>
| #endif
| #ifdef HAVE_STRING_H
| # include <string.h>
| #endif
| #ifdef HAVE_INTTYPES_H
| # include <inttypes.h>
| #endif
| #ifdef HAVE_STDINT_H
| # include <stdint.h>
| #endif
| #ifdef HAVE_STRINGS_H
| # include <strings.h>
| #endif
| #ifdef HAVE_SYS_TYPES_H
| # include <sys/types.h>
| #endif
| #ifdef HAVE_SYS_STAT_H
| # include <sys/stat.h>
| #endif
| #ifdef HAVE_UNISTD_H
| # include <unistd.h>
| #endif
| int
| main (void)
| {
| #ifndef __INTEL_COMPILER
| #ifdef __cplusplus
|   (void) __INTEL_COMPILER;
| #else
|   (void) __INTEL_COMPILER;
| #endif
| #endif
| 
|   ;
|   return 0;
| }
configure:12766: result: no
configure:12773: checking whether __SUNPRO_C is declared
configure:12773: gcc -c -g -O2   conftest.c >&5
conftest.c: In function 'main':
conftest.c:58:10: error: '__SUNPRO_C' undeclared (first use in this function)
   58 |   (void) __SUNPRO_C;
      |          ^~~~~~~~~~
conftest.c:58:10: note: each undeclared identifier is reported only once for each function it appears in
configure:12773: $? = 1
configure: failed program was:
| /* confdefs.h */
| #define PACKAGE_NAME "libXft"
| #define PACKAGE_TARNAME "libXft"
| #define PACKAGE_VERSION "2.3.6"
| #define PACKAGE_STRING "libXft 2.3.6"
| #define PACKAGE_BUGREPORT "https://gitlab.freedesktop.org/xorg/lib/libXft/issues"
| #define PACKAGE_URL ""
| #define PACKAGE "libXft"
| #define VERSION "2.3.6"
| #define HAVE_STDIO_H 1
| #define HAVE_STDLIB_H 1
| #define HAVE_STRING_H 1
| #define HAVE_INTTYPES_H 1
| #define HAVE_STDINT_H 1
| #define HAVE_STRINGS_H 1
| #define HAVE_SYS_STAT_H 1
| #define HAVE_SYS_TYPES_H 1
| #define HAVE_UNISTD_H 1
| #define STDC_HEADERS 1
| #define HAVE_DLFCN_H 1
| #define LT_OBJDIR ".libs/"
| /* end confdefs.h.  */
| #include <stddef.h>
| #ifdef HAVE_STDIO_H
| # include <stdio.h>
| #endif
| #ifdef HAVE_STDLIB_H
| # include <stdlib.h>
| #endif
| #ifdef HAVE_STRING_H
| # include <string.h>
| #endif
| #ifdef HAVE_INTTYPES_H
| # include <inttypes.h>
| #endif
| #ifdef HAVE_STDINT_H
| # include <stdint.h>
| #endif
| #ifdef HAVE_STRINGS_H
| # include <strings.h>
| #endif
| #ifdef HAVE_SYS_TYPES_H
| # include <sys/types.h>
| #endif
| #ifdef HAVE_SYS_STAT_H
| # include <sys/stat.h>
| #endif
| #ifdef HAVE_UNISTD_H
| # include <unistd.h>
| #endif
| int
| main (void)
| {
| #ifndef __SUNPRO_C
| #ifdef __cplusplus
|   (void) __SUNPRO_C;
| #else
|   (void) __SUNPRO_C;
| #endif
| #endif
| 
|   ;
|   return 0;
| }
configure:12773: result: no
configure:12840: checking for pkg-config
configure:12863: found /usr/bin/pkg-config
configure:12875: result: /usr/bin/pkg-config
configure:12900: checking pkg-config is at least version 0.9.0
configure:12903: result: yes
configure:12953: checking if gcc supports -Werror=unknown-warning-option
configure:12963: gcc -c -g -O2 -Werror=unknown-warning-option  conftest.c >&5
cc1: error: '-Werror=unknown-warning-option': no option '-Wunknown-warning-option'
configure:12963: $? = 1
configure: failed program was:
| /* confdefs.h */
| #define PACKAGE_NAME "libXft"
| #define PACKAGE_TARNAME "libXft"
| #define PACKAGE_VERSION "2.3.6"
| #define PACKAGE_STRING "libXft 2.3.6"
| #define PACKAGE_BUGREPORT "https://gitlab.freedesktop.org/xorg/lib/libXft/issues"
| #define PACKAGE_URL ""
| #define PACKAGE "libXft"
| #define VERSION "2.3.6"
| #define HAVE_STDIO_H 1
| #define HAVE_STDLIB_H 1
| #define HAVE_STRING_H 1
| #define HAVE_INTTYPES_H 1
| #define HAVE_STDINT_H 1
| #define HAVE_STRINGS_H 1
| #define HAVE_SYS_STAT_H 1
| #define HAVE_SYS_TYPES_H 1
| #define HAVE_UNISTD_H 1
| #define STDC_HEADERS 1
| #define HAVE_DLFCN_H 1
| #define LT_OBJDIR ".libs/"
| /* end confdefs.h.  */
| int i;
configure:12971: result: no
configure:12982: checking if gcc supports -Werror=unused-command-line-argument
configure:12992: gcc -c -g -O2 -Werror=unused-command-line-argument  conftest.c >&5
cc1: error: '-Werror=unused-command-line-argument': no option '-Wunused-command-line-argument'; did you mean '-Wunused-dummy-argument'?
configure:12992: $? = 1
configure: failed program was:
| /* confdefs.h */
| #define PACKAGE_NAME "libXft"
| #define PACKAGE_TARNAME "libXft"
| #define PACKAGE_VERSION "2.3.6"
| #define PACKAGE_STRING "libXft 2.3.6"
| #define PACKAGE_BUGREPORT "https://gitlab.freedesktop.org/xorg/lib/libXft/issues"
| #define PACKAGE_URL ""
| #define PACKAGE "libXft"
| #define VERSION "2.3.6"
| #define HAVE_STDIO_H 1
| #define HAVE_STDLIB_H 1
| #define HAVE_STRING_H 1
| #define HAVE_INTTYPES_H 1
| #define HAVE_STDINT_H 1
| #define HAVE_STRINGS_H 1
| #define HAVE_SYS_STAT_H 1
| #define HAVE_SYS_TYPES_H 1
| #define HAVE_UNISTD_H 1
| #define STDC_HEADERS 1
| #define HAVE_DLFCN_H 1
| #define LT_OBJDIR ".libs/"
| /* end confdefs.h.  */
| int i;
configure:13000: result: no
configure:13019: checking if gcc supports -Wall
configure:13037: gcc -o conftest -g -O2 -Wall   conftest.c  >&5
configure:13037: $? = 0
configure:13051: result: yes
configure:13143: checking if gcc supports -Wpointer-arith
configure:13161: gcc -o conftest -g -O2 -Wpointer-arith   conftest.c  >&5
configure:13161: $? = 0
configure:13175: result: yes
configure:13267: checking if gcc supports -Wmissing-declarations
configure:13285: gcc -o conftest -g -O2 -Wmissing-declarations   conftest.c  >&5
configure:13285: $? = 0
configure:13299: result: yes
configure:13391: checking if gcc supports -Wformat=2
configure:13409: gcc -o conftest -g -O2 -Wformat=2   conftest.c  >&5
configure:13409: $? = 0
configure:13423: result: yes
configure:13568: checking if gcc supports -Wstrict-prototypes
configure:13586: gcc -o conftest -g -O2 -Wstrict-prototypes   conftest.c  >&5
configure:13586: $? = 0
configure:13600: result: yes
configure:13692: checking if gcc supports -Wmissing-prototypes
configure:13710: gcc -o conftest -g -O2 -Wmissing-prototypes   conftest.c  >&5
configure:13710: $? = 0
configure:13724: result: yes
configure:13816: checking if gcc supports -Wnested-externs
configure:13834: gcc -o conftest -g -O2 -Wnested-externs   conftest.c  >&5
configure:13834: $? = 0
configure:13848: result: yes
configure:13940: checking if gcc supports -Wbad-function-cast
configure:13958: gcc -o conftest -g -O2 -Wbad-function-cast   conftest.c  >&5
configure:13958: $? = 0
configure:13972: result: yes
configure:14064: checking if gcc supports -Wold-style-definition
configure:14082: gcc -o conftest -g -O2 -Wold-style-definition   conftest.c  >&5
configure:14082: $? = 0
configure:14096: result: yes
configure:14239: checking if gcc supports -Wdeclaration-after-statement
configure:14257: gcc -o conftest -g -O2 -Wdeclaration-after-statement   conftest.c  >&5
configure:14257: $? = 0
configure:14271: result: yes
configure:14367: checking if gcc supports -Wunused
configure:14385: gcc -o conftest -g -O2 -Wunused   conftest.c  >&5
configure:14385: $? = 0
configure:14399: result: yes
configure:14491: checking if gcc supports -Wuninitialized
configure:14509: gcc -o conftest -g -O2 -Wuninitialized   conftest.c  >&5
configure:14509: $? = 0
configure:14523: result: yes
configure:14615: checking if gcc supports -Wshadow
configure:14633: gcc -o conftest -g -O2 -Wshadow   conftest.c  >&5
configure:14633: $? = 0
configure:14647: result: yes
configure:14739: checking if gcc supports -Wmissing-noreturn
configure:14757: gcc -o conftest -g -O2 -Wmissing-noreturn   conftest.c  >&5
configure:14757: $? = 0
configure:14771: result: yes
configure:14863: checking if gcc supports -Wmissing-format-attribute
configure:14881: gcc -o conftest -g -O2 -Wmissing-format-attribute   conftest.c  >&5
configure:14881: $? = 0
configure:14895: result: yes
configure:14987: checking if gcc supports -Wredundant-decls
configure:15005: gcc -o conftest -g -O2 -Wredundant-decls   conftest.c  >&5
configure:15005: $? = 0
configure:15019: result: yes
configure:15111: checking if gcc supports -Wlogical-op
configure:15129: gcc -o conftest -g -O2 -Wlogical-op   conftest.c  >&5
configure:15129: $? = 0
configure:15143: result: yes
configure:15247: checking if gcc supports -Werror=implicit
configure:15265: gcc -o conftest -g -O2 -Werror=implicit   conftest.c  >&5
configure:15265: $? = 0
configure:15279: result: yes
configure:15422: checking if gcc supports -Werror=nonnull
configure:15440: gcc -o conftest -g -O2 -Werror=nonnull   conftest.c  >&5
configure:15440: $? = 0
configure:15454: result: yes
configure:15546: checking if gcc supports -Werror=init-self
configure:15564: gcc -o conftest -g -O2 -Werror=init-self   conftest.c  >&5
configure:15564: $? = 0
configure:15578: result: yes
configure:15670: checking if gcc supports -Werror=main
configure:15688: gcc -o conftest -g -O2 -Werror=main   conftest.c  >&5
configure:15688: $? = 0
configure:15702: result: yes
configure:15794: checking if gcc supports -Werror=missing-braces
configure:15812: gcc -o conftest -g -O2 -Werror=missing-braces   conftest.c  >&5
configure:15812: $? = 0
configure:15826: result: yes
configure:15918: checking if gcc supports -Werror=sequence-point
configure:15936: gcc -o conftest -g -O2 -Werror=sequence-point   conftest.c  >&5
configure:15936: $? = 0
configure:15950: result: yes
configure:16042: checking if gcc supports -Werror=return-type
configure:16060: gcc -o conftest -g -O2 -Werror=return-type   conftest.c  >&5
configure:16060: $? = 0
configure:16074: result: yes
configure:16217: checking if gcc supports -Werror=trigraphs
configure:16235: gcc -o conftest -g -O2 -Werror=trigraphs   conftest.c  >&5
configure:16235: $? = 0
configure:16249: result: yes
configure:16341: checking if gcc supports -Werror=array-bounds
configure:16359: gcc -o conftest -g -O2 -Werror=array-bounds   conftest.c  >&5
configure:16359: $? = 0
configure:16373: result: yes
configure:16465: checking if gcc supports -Werror=write-strings
configure:16483: gcc -o conftest -g -O2 -Werror=write-strings   conftest.c  >&5
configure:16483: $? = 0
configure:16497: result: yes
configure:16589: checking if gcc supports -Werror=address
configure:16607: gcc -o conftest -g -O2 -Werror=address   conftest.c  >&5
configure:16607: $? = 0
configure:16621: result: yes
configure:16713: checking if gcc supports -Werror=int-to-pointer-cast
configure:16731: gcc -o conftest -g -O2 -Werror=int-to-pointer-cast   conftest.c  >&5
configure:16731: $? = 0
configure:16745: result: yes
configure:16888: checking if gcc supports -Werror=pointer-to-int-cast
configure:16906: gcc -o conftest -g -O2 -Werror=pointer-to-int-cast   conftest.c  >&5
configure:16906: $? = 0
configure:16920: result: yes
configure:18661: checking if gcc supports -pedantic
configure:18679: gcc -o conftest -g -O2 -pedantic   conftest.c  >&5
configure:18679: $? = 0
configure:18693: result: yes
configure:18785: checking if gcc supports -Werror
configure:18803: gcc -o conftest -g -O2 -Werror   conftest.c  >&5
configure:18803: $? = 0
configure:18817: result: yes
configure:18963: checking if gcc supports -Werror=attributes
configure:18981: gcc -o conftest -g -O2 -Werror=attributes   conftest.c  >&5
configure:18981: $? = 0
configure:18995: result: yes
configure:19186: checking whether make supports nested variables
configure:19204: result: yes
configure:19245: checking for XRENDER
configure:19252: $PKG_CONFIG --exists --print-errors "xrender >= 0.8.2 x11"
configure:19255: $? = 0
configure:19269: $PKG_CONFIG --exists --print-errors "xrender >= 0.8.2 x11"
configure:19272: $? = 0
configure:19330: result: yes
configure:19338: checking for FREETYPE
configure:19345: $PKG_CONFIG --exists --print-errors "freetype2 >= 2.1.6"
configure:19348: $? = 0
configure:19362: $PKG_CONFIG --exists --print-errors "freetype2 >= 2.1.6"
configure:19365: $? = 0
configure:19423: result: yes
configure:19431: checking for FONTCONFIG
configure:19438: $PKG_CONFIG --exists --print-errors "fontconfig >= 2.5.92"
configure:19441: $? = 0
configure:19455: $PKG_CONFIG --exists --print-errors "fontconfig >= 2.5.92"
configure:19458: $? = 0
configure:19516: result: yes
configure:19635: checking that generated files are newer than configure
configure:19641: result: done
configure:19664: creating ./config.status

## ---------------------- ##
## Running config.status. ##
## ---------------------- ##

This file was extended by libXft config.status 2.3.6, which was
generated by GNU Autoconf 2.71.  Invocation command line was

  CONFIG_FILES    = 
  CONFIG_HEADERS  = 
  CONFIG_LINKS    = 
  CONFIG_COMMANDS = 
  $ ./config.status 

on fedora

config.status:1136: creating Makefile
config.status:1136: creating xft.pc
config.status:1136: creating src/Makefile
config.status:1136: creating man/Makefile
config.status:1136: creating config.h
config.status:1136: creating include/X11/Xft/Xft.h
config.status:1365: executing depfiles commands
config.status:1442: cd src       && sed -e '/# am--include-marker/d' Makefile         | make -f - am--depfiles
config.status:1447: $? = 0
config.status:1365: executing libtool commands

## ---------------- ##
## Cache variables. ##
## ---------------- ##

ac_cv_build=x86_64-pc-linux-gnu
ac_cv_c_compiler_gnu=yes
ac_cv_c_undeclared_builtin_options='none needed'
ac_cv_env_CC_set=
ac_cv_env_CC_value=
ac_cv_env_CFLAGS_set=
ac_cv_env_CFLAGS_value=
ac_cv_env_CPPFLAGS_set=
ac_cv_env_CPPFLAGS_value=
ac_cv_env_FONTCONFIG_CFLAGS_set=
ac_cv_env_FONTCONFIG_CFLAGS_value=
ac_cv_env_FONTCONFIG_LIBS_set=
ac_cv_env_FONTCONFIG_LIBS_value=
ac_cv_env_FREETYPE_CFLAGS_set=
ac_cv_env_FREETYPE_CFLAGS_value=
ac_cv_env_FREETYPE_LIBS_set=
ac_cv_env_FREETYPE_LIBS_value=
ac_cv_env_LDFLAGS_set=
ac_cv_env_LDFLAGS_value=
ac_cv_env_LIBS_set=
ac_cv_env_LIBS_value=
ac_cv_env_LT_SYS_LIBRARY_PATH_set=
ac_cv_env_LT_SYS_LIBRARY_PATH_value=
ac_cv_env_PKG_CONFIG_LIBDIR_set=
ac_cv_env_PKG_CONFIG_LIBDIR_value=
ac_cv_env_PKG_CONFIG_PATH_set=
ac_cv_env_PKG_CONFIG_PATH_value=
ac_cv_env_PKG_CONFIG_set=
ac_cv_env_PKG_CONFIG_value=
ac_cv_env_XRENDER_CFLAGS_set=
ac_cv_env_XRENDER_CFLAGS_value=
ac_cv_env_XRENDER_LIBS_set=
ac_cv_env_XRENDER_LIBS_value=
ac_cv_env_build_alias_set=
ac_cv_env_build_alias_value=
ac_cv_env_host_alias_set=
ac_cv_env_host_alias_value=
ac_cv_env_target_alias_set=
ac_cv_env_target_alias_value=
ac_cv_have_decl___INTEL_COMPILER=no
ac_cv_have_decl___SUNPRO_C=no
ac_cv_have_decl___clang__=no
ac_cv_header_dlfcn_h=yes
ac_cv_header_inttypes_h=yes
ac_cv_header_stdint_h=yes
ac_cv_header_stdio_h=yes
ac_cv_header_stdlib_h=yes
ac_cv_header_string_h=yes
ac_cv_header_strings_h=yes
ac_cv_header_sys_stat_h=yes
ac_cv_header_sys_types_h=yes
ac_cv_header_unistd_h=yes
ac_cv_host=x86_64-pc-linux-gnu
ac_cv_objext=o
ac_cv_path_EGREP='/usr/bin/grep -E'
ac_cv_path_FGREP='/usr/bin/grep -F'
ac_cv_path_GREP=/usr/bin/grep
ac_cv_path_SED=/usr/bin/sed
ac_cv_path_ac_pt_PKG_CONFIG=/usr/bin/pkg-config
ac_cv_path_install='/usr/bin/install -c'
ac_cv_path_lt_DD=/usr/bin/dd
ac_cv_path_mkdir=/usr/bin/mkdir
ac_cv_prog_AWK=gawk
ac_cv_prog_ac_ct_AR=ar
ac_cv_prog_ac_ct_CC=gcc
ac_cv_prog_ac_ct_FILECMD=file
ac_cv_prog_ac_ct_OBJDUMP=objdump
ac_cv_prog_ac_ct_RANLIB=ranlib
ac_cv_prog_ac_ct_STRIP=strip
ac_cv_prog_cc_c11=
ac_cv_prog_cc_g=yes
ac_cv_prog_cc_stdc=
ac_cv_prog_make_make_set=yes
am_cv_CC_dependencies_compiler_type=gcc3
am_cv_make_support_nested_variables=yes
am_cv_prog_cc_c_o=yes
lt_cv_ar_at_file=@
lt_cv_archive_cmds_need_lc=no
lt_cv_deplibs_check_method=pass_all
lt_cv_file_magic_cmd='$MAGIC_CMD'
lt_cv_file_magic_test_file=
lt_cv_ld_reload_flag=-r
lt_cv_nm_interface='BSD nm'
lt_cv_objdir=.libs
lt_cv_path_LD=/usr/bin/ld
lt_cv_path_NM='/usr/bin/nm -B'
lt_cv_path_mainfest_tool=no
lt_cv_prog_compiler_c_o=yes
lt_cv_prog_compiler_pic='-fPIC -DPIC'
lt_cv_prog_compiler_pic_works=yes
lt_cv_prog_compiler_rtti_exceptions=no
lt_cv_prog_compiler_static_works=no
lt_cv_prog_gnu_ld=yes
lt_cv_sharedlib_from_linklib_cmd='printf %s\n'
lt_cv_shlibpath_overrides_runpath=yes
lt_cv_sys_global_symbol_pipe='/usr/bin/sed -n -e '\''s/^.*[	 ]\([ABCDGIRSTW][ABCDGIRSTW]*\)[	 ][	 ]*\([_A-Za-z][_A-Za-z0-9]*\)$/\1 \2 \2/p'\'' | /usr/bin/sed '\''/ __gnu_lto/d'\'''
lt_cv_sys_global_symbol_to_c_name_address='/usr/bin/sed -n -e '\''s/^: \(.*\) .*$/  {"\1", (void *) 0},/p'\'' -e '\''s/^[ABCDGIRSTW][ABCDGIRSTW]* .* \(.*\)$/  {"\1", (void *) \&\1},/p'\'''
lt_cv_sys_global_symbol_to_c_name_address_lib_prefix='/usr/bin/sed -n -e '\''s/^: \(.*\) .*$/  {"\1", (void *) 0},/p'\'' -e '\''s/^[ABCDGIRSTW][ABCDGIRSTW]* .* \(lib.*\)$/  {"\1", (void *) \&\1},/p'\'' -e '\''s/^[ABCDGIRSTW][ABCDGIRSTW]* .* \(.*\)$/  {"lib\1", (void *) \&\1},/p'\'''
lt_cv_sys_global_symbol_to_cdecl='/usr/bin/sed -n -e '\''s/^T .* \(.*\)$/extern int \1();/p'\'' -e '\''s/^[ABCDGIRSTW][ABCDGIRSTW]* .* \(.*\)$/extern char \1;/p'\'''
lt_cv_sys_global_symbol_to_import=
lt_cv_sys_max_cmd_len=1572864
lt_cv_to_host_file_cmd=func_convert_file_noop
lt_cv_to_tool_file_cmd=func_convert_file_noop
lt_cv_truncate_bin='/usr/bin/dd bs=4096 count=1'
pkg_cv_FONTCONFIG_CFLAGS='-I/usr/include/freetype2 -I/usr/include/libpng16 -I/usr/include/harfbuzz -I/usr/include/glib-2.0 -I/usr/lib64/glib-2.0/include -I/usr/include/sysprof-4 -pthread -I/usr/include/libxml2 '
pkg_cv_FONTCONFIG_LIBS='-lfontconfig -lfreetype '
pkg_cv_FREETYPE_CFLAGS='-I/usr/include/freetype2 -I/usr/include/libpng16 -I/usr/include/harfbuzz -I/usr/include/glib-2.0 -I/usr/lib64/glib-2.0/include -I/usr/include/sysprof-4 -pthread '
pkg_cv_FREETYPE_LIBS='-lfreetype '
pkg_cv_XRENDER_CFLAGS=
pkg_cv_XRENDER_LIBS='-lXrender -lX11 '
xorg_cv_cc_flag__Wall=yes
xorg_cv_cc_flag__Wbad_function_cast=yes
xorg_cv_cc_flag__Wdeclaration_after_statement=yes
xorg_cv_cc_flag__Werror=yes
xorg_cv_cc_flag__Werror_address=yes
xorg_cv_cc_flag__Werror_array_bounds=yes
xorg_cv_cc_flag__Werror_attributes=yes
xorg_cv_cc_flag__Werror_implicit=yes
xorg_cv_cc_flag__Werror_init_self=yes
xorg_cv_cc_flag__Werror_int_to_pointer_cast=yes
xorg_cv_cc_flag__Werror_main=yes
xorg_cv_cc_flag__Werror_missing_braces=yes
xorg_cv_cc_flag__Werror_nonnull=yes
xorg_cv_cc_flag__Werror_pointer_to_int_cast=yes
xorg_cv_cc_flag__Werror_return_type=yes
xorg_cv_cc_flag__Werror_sequence_point=yes
xorg_cv_cc_flag__Werror_trigraphs=yes
xorg_cv_cc_flag__Werror_write_strings=yes
xorg_cv_cc_flag__Wformat_2=yes
xorg_cv_cc_flag__Wlogical_op=yes
xorg_cv_cc_flag__Wmissing_declarations=yes
xorg_cv_cc_flag__Wmissing_format_attribute=yes
xorg_cv_cc_flag__Wmissing_noreturn=yes
xorg_cv_cc_flag__Wmissing_prototypes=yes
xorg_cv_cc_flag__Wnested_externs=yes
xorg_cv_cc_flag__Wold_style_definition=yes
xorg_cv_cc_flag__Wpointer_arith=yes
xorg_cv_cc_flag__Wredundant_decls=yes
xorg_cv_cc_flag__Wshadow=yes
xorg_cv_cc_flag__Wstrict_prototypes=yes
xorg_cv_cc_flag__Wuninitialized=yes
xorg_cv_cc_flag__Wunused=yes
xorg_cv_cc_flag__pedantic=yes
xorg_cv_cc_flag_unknown_warning_option=no
xorg_cv_cc_flag_unused_command_line_argument=no

## ----------------- ##
## Output variables. ##
## ----------------- ##

ACLOCAL='${SHELL} '\''/home/amr/github/libxft/missing'\'' aclocal-1.16'
ADMIN_MAN_DIR='$(mandir)/man$(ADMIN_MAN_SUFFIX)'
ADMIN_MAN_SUFFIX='8'
AMDEPBACKSLASH='\'
AMDEP_FALSE='#'
AMDEP_TRUE=''
AMTAR='$${TAR-tar}'
AM_BACKSLASH='\'
AM_DEFAULT_V='$(AM_DEFAULT_VERBOSITY)'
AM_DEFAULT_VERBOSITY='0'
AM_V='$(V)'
APP_MAN_DIR='$(mandir)/man$(APP_MAN_SUFFIX)'
APP_MAN_SUFFIX='1'
AR='ar'
AUTOCONF='${SHELL} '\''/home/amr/github/libxft/missing'\'' autoconf'
AUTOHEADER='${SHELL} '\''/home/amr/github/libxft/missing'\'' autoheader'
AUTOMAKE='${SHELL} '\''/home/amr/github/libxft/missing'\'' automake-1.16'
AWK='gawk'
BASE_CFLAGS=' -Wall -Wpointer-arith -Wmissing-declarations -Wformat=2 -Wstrict-prototypes -Wmissing-prototypes -Wnested-externs -Wbad-function-cast -Wold-style-definition -Wdeclaration-after-statement -Wunused -Wuninitialized -Wshadow -Wmissing-noreturn -Wmissing-format-attribute -Wredundant-decls -Wlogical-op -Werror=implicit -Werror=nonnull -Werror=init-self -Werror=main -Werror=missing-braces -Werror=sequence-point -Werror=return-type -Werror=trigraphs -Werror=array-bounds -Werror=write-strings -Werror=address -Werror=int-to-pointer-cast -Werror=pointer-to-int-cast'
CC='gcc'
CCDEPMODE='depmode=gcc3'
CFLAGS='-g -O2'
CHANGELOG_CMD='((GIT_DIR=$(top_srcdir)/.git git log > $(top_srcdir)/.changelog.tmp) 2>/dev/null && mv $(top_srcdir)/.changelog.tmp $(top_srcdir)/ChangeLog) || (rm -f $(top_srcdir)/.changelog.tmp; test -e $(top_srcdir)/ChangeLog || ( touch $(top_srcdir)/ChangeLog; echo '\''git failed to create ChangeLog: installing empty ChangeLog.'\'' >&2))'
CPPFLAGS=''
CSCOPE='cscope'
CTAGS='ctags'
CWARNFLAGS=' -Wall -Wpointer-arith -Wmissing-declarations -Wformat=2 -Wstrict-prototypes -Wmissing-prototypes -Wnested-externs -Wbad-function-cast -Wold-style-definition -Wdeclaration-after-statement -Wunused -Wuninitialized -Wshadow -Wmissing-noreturn -Wmissing-format-attribute -Wredundant-decls -Wlogical-op -Werror=implicit -Werror=nonnull -Werror=init-self -Werror=main -Werror=missing-braces -Werror=sequence-point -Werror=return-type -Werror=trigraphs -Werror=array-bounds -Werror=write-strings -Werror=address -Werror=int-to-pointer-cast -Werror=pointer-to-int-cast -fno-strict-aliasing'
CYGPATH_W='echo'
DEFS='-DHAVE_CONFIG_H'
DEPDIR='.deps'
DLLTOOL='false'
DRIVER_MAN_DIR='$(mandir)/man$(DRIVER_MAN_SUFFIX)'
DRIVER_MAN_SUFFIX='4'
DSYMUTIL=''
DUMPBIN=''
ECHO_C=''
ECHO_N='-n'
ECHO_T=''
EGREP='/usr/bin/grep -E'
ETAGS='etags'
EXEEXT=''
FGREP='/usr/bin/grep -F'
FILECMD='file'
FILE_MAN_DIR='$(mandir)/man$(FILE_MAN_SUFFIX)'
FILE_MAN_SUFFIX='5'
FONTCONFIG_CFLAGS='-I/usr/include/freetype2 -I/usr/include/libpng16 -I/usr/include/harfbuzz -I/usr/include/glib-2.0 -I/usr/lib64/glib-2.0/include -I/usr/include/sysprof-4 -pthread -I/usr/include/libxml2 '
FONTCONFIG_LIBS='-lfontconfig -lfreetype '
FREETYPE_CFLAGS='-I/usr/include/freetype2 -I/usr/include/libpng16 -I/usr/include/harfbuzz -I/usr/include/glib-2.0 -I/usr/lib64/glib-2.0/include -I/usr/include/sysprof-4 -pthread '
FREETYPE_LIBS='-lfreetype '
GREP='/usr/bin/grep'
INSTALL_CMD='(cp -f /usr/share/util-macros/INSTALL $(top_srcdir)/.INSTALL.tmp && mv $(top_srcdir)/.INSTALL.tmp $(top_srcdir)/INSTALL) || (rm -f $(top_srcdir)/.INSTALL.tmp; test -e $(top_srcdir)/INSTALL || ( touch $(top_srcdir)/INSTALL; echo '\''failed to copy INSTALL from util-macros: installing empty INSTALL.'\'' >&2))'
INSTALL_DATA='${INSTALL} -m 644'
INSTALL_PROGRAM='${INSTALL}'
INSTALL_SCRIPT='${INSTALL}'
INSTALL_STRIP_PROGRAM='$(install_sh) -c -s'
LD='/usr/bin/ld -m elf_x86_64'
LDFLAGS=''
LIBOBJS=''
LIBS=''
LIBTOOL='$(SHELL) $(top_builddir)/libtool'
LIB_MAN_DIR='$(mandir)/man$(LIB_MAN_SUFFIX)'
LIB_MAN_SUFFIX='3'
LIPO=''
LN_S='ln -s'
LTLIBOBJS=''
LT_SYS_LIBRARY_PATH=''
MAKEINFO='${SHELL} '\''/home/amr/github/libxft/missing'\'' makeinfo'
MANIFEST_TOOL=':'
MAN_SUBSTS='	-e '\''s|__vendorversion__|"$(PACKAGE_STRING)" "$(XORG_MAN_PAGE)"|'\'' 	-e '\''s|__xorgversion__|"$(PACKAGE_STRING)" "$(XORG_MAN_PAGE)"|'\'' 	-e '\''s|__xservername__|Xorg|g'\'' 	-e '\''s|__xconfigfile__|xorg.conf|g'\'' 	-e '\''s|__projectroot__|$(prefix)|g'\'' 	-e '\''s|__apploaddir__|$(appdefaultdir)|g'\'' 	-e '\''s|__appmansuffix__|$(APP_MAN_SUFFIX)|g'\'' 	-e '\''s|__drivermansuffix__|$(DRIVER_MAN_SUFFIX)|g'\'' 	-e '\''s|__adminmansuffix__|$(ADMIN_MAN_SUFFIX)|g'\'' 	-e '\''s|__libmansuffix__|$(LIB_MAN_SUFFIX)|g'\'' 	-e '\''s|__miscmansuffix__|$(MISC_MAN_SUFFIX)|g'\'' 	-e '\''s|__filemansuffix__|$(FILE_MAN_SUFFIX)|g'\'''
MISC_MAN_DIR='$(mandir)/man$(MISC_MAN_SUFFIX)'
MISC_MAN_SUFFIX='7'
MKDIR_P='/usr/bin/mkdir -p'
NM='/usr/bin/nm -B'
NMEDIT=''
OBJDUMP='objdump'
OBJEXT='o'
OTOOL64=''
OTOOL=''
PACKAGE='libXft'
PACKAGE_BUGREPORT='https://gitlab.freedesktop.org/xorg/lib/libXft/issues'
PACKAGE_NAME='libXft'
PACKAGE_STRING='libXft 2.3.6'
PACKAGE_TARNAME='libXft'
PACKAGE_URL=''
PACKAGE_VERSION='2.3.6'
PATH_SEPARATOR=':'
PKG_CONFIG='/usr/bin/pkg-config'
PKG_CONFIG_LIBDIR=''
PKG_CONFIG_PATH=''
RANLIB='ranlib'
SED='/usr/bin/sed'
SET_MAKE=''
SHELL='/bin/sh'
STRICT_CFLAGS=' -pedantic -Werror -Werror=attributes'
STRIP='strip'
VERSION='2.3.6'
XFT_LT_VERSION='2:3:6'
XORG_MAN_PAGE='X Version 11'
XRENDER_CFLAGS=''
XRENDER_LIBS='-lXrender -lX11 '
ac_ct_AR='ar'
ac_ct_CC='gcc'
ac_ct_DUMPBIN=''
am__EXEEXT_FALSE=''
am__EXEEXT_TRUE='#'
am__fastdepCC_FALSE='#'
am__fastdepCC_TRUE=''
am__include='include'
am__isrc=''
am__leading_dot='.'
am__nodep='_no'
am__quote=''
am__tar='$${TAR-tar} chof - "$$tardir"'
am__untar='$${TAR-tar} xf -'
bindir='${exec_prefix}/bin'
build='x86_64-pc-linux-gnu'
build_alias=''
build_cpu='x86_64'
build_os='linux-gnu'
build_vendor='pc'
datadir='${datarootdir}'
datarootdir='${prefix}/share'
docdir='${datarootdir}/doc/${PACKAGE_TARNAME}'
dvidir='${docdir}'
exec_prefix='${prefix}'
host='x86_64-pc-linux-gnu'
host_alias=''
host_cpu='x86_64'
host_os='linux-gnu'
host_vendor='pc'
htmldir='${docdir}'
includedir='${prefix}/include'
infodir='${datarootdir}/info'
install_sh='${SHELL} /home/amr/github/libxft/install-sh'
libdir='${exec_prefix}/lib64'
libexecdir='${exec_prefix}/libexec'
localedir='${datarootdir}/locale'
localstatedir='/var'
mandir='/usr/share/man'
mkdir_p='$(MKDIR_P)'
oldincludedir='/usr/include'
pdfdir='${docdir}'
prefix='/usr'
program_transform_name='s,x,x,'
psdir='${docdir}'
runstatedir='${localstatedir}/run'
sbindir='${exec_prefix}/sbin'
sharedstatedir='/var'
sysconfdir='/etc'
target_alias=''

## ----------- ##
## confdefs.h. ##
## ----------- ##

/* confdefs.h */
#define PACKAGE_NAME "libXft"
#define PACKAGE_TARNAME "libXft"
#define PACKAGE_VERSION "2.3.6"
#define PACKAGE_STRING "libXft 2.3.6"
#define PACKAGE_BUGREPORT "https://gitlab.freedesktop.org/xorg/lib/libXft/issues"
#define PACKAGE_URL ""
#define PACKAGE "libXft"
#define VERSION "2.3.6"
#define HAVE_STDIO_H 1
#define HAVE_STDLIB_H 1
#define HAVE_STRING_H 1
#define HAVE_INTTYPES_H 1
#define HAVE_STDINT_H 1
#define HAVE_STRINGS_H 1
#define HAVE_SYS_STAT_H 1
#define HAVE_SYS_TYPES_H 1
#define HAVE_UNISTD_H 1
#define STDC_HEADERS 1
#define HAVE_DLFCN_H 1
#define LT_OBJDIR ".libs/"
#define PACKAGE_VERSION_MAJOR 2
#define PACKAGE_VERSION_MINOR 3
#define PACKAGE_VERSION_PATCHLEVEL 6
#define XFT_MAJOR 2
#define XFT_MINOR 3
#define XFT_REVISION 6

configure: exit 0
